2018-02-21 12:32:06,691 - com.qspiders.KeyDriver - INFO - **********************Starting Frame Work**********************
2018-02-21 12:32:19,110 - com.qspiders.KeyDriver - INFO - Total Number of Scenarios:2
2018-02-21 12:32:19,184 - com.qspiders.KeyDriver - INFO - ======================================================
2018-02-21 12:32:19,184 - com.qspiders.KeyDriver - INFO - Starting scenario:Scenario1
2018-02-21 12:32:19,215 - com.qspiders.KeyDriver - INFO - StepCount:4
2018-02-21 12:32:19,339 - com.qspiders.KeyDriver - INFO - enter username
2018-02-21 12:32:19,369 - com.qspiders.FWLibrary - INFO - Element found with xpath://input[@id='username']
2018-02-21 12:32:19,448 - com.qspiders.FWLibrary - INFO - Entering "admin"
2018-02-21 12:32:19,592 - com.qspiders.KeyDriver - INFO - enter password
2018-02-21 12:32:19,622 - com.qspiders.FWLibrary - INFO - Element found with xpath://input[@name='pwd']
2018-02-21 12:32:19,722 - com.qspiders.FWLibrary - INFO - Entering "manager"
2018-02-21 12:32:19,839 - com.qspiders.KeyDriver - INFO - click login
2018-02-21 12:32:19,869 - com.qspiders.FWLibrary - INFO - Element found with xpath://a[@id='loginButton']
2018-02-21 12:32:20,155 - com.qspiders.KeyDriver - INFO - click logout
2018-02-21 12:32:25,458 - com.qspiders.FWLibrary - INFO - Element found with xpath://a[@id='logoutLink']
2018-02-21 12:32:25,878 - com.qspiders.KeyDriver - INFO - Ending scenario:Scenario1
2018-02-21 12:32:25,879 - com.qspiders.KeyDriver - INFO - !!!! Execution Status of above scenario:PASS !!!!
2018-02-21 12:32:25,879 - com.qspiders.KeyDriver - INFO - ======================================================
2018-02-21 12:32:25,967 - com.qspiders.KeyDriver - INFO - _________________________________________________________
2018-02-21 12:32:25,967 - com.qspiders.KeyDriver - WARN - Skipping scenario:Scenario2
2018-02-21 12:32:27,803 - com.qspiders.KeyDriver - INFO - Total Pass:1 ; Total Fail:0 ; Total Skip:1
2018-02-21 12:32:27,803 - com.qspiders.KeyDriver - INFO - **********************Ending Frame Work**********************
